<?xml version="1.0" encoding="UTF-8"?>
<!-- Generated by org.testng.reporters.JUnitXMLReporter -->
<testsuite ignored="0" hostname="JBNAIK" failures="0" tests="3" name="Default test" time="0.052" errors="0" timestamp="2022-11-16T09:36:30 IST">
  <testcase classname="mavenpackage.RegTEST" name="rergister" time="0.008"/>
  <testcase classname="mavenpackage.Logout" name="logout" time="0.001"/>
  <testcase classname="mavenpackage.LoginTest" name="login" time="0.002"/>
</testsuite> <!-- Default test -->
