<?xml version="1.0" encoding="UTF-8"?>
<testng-results ignored="0" total="3" passed="3" failed="0" skipped="0">
  <reporter-output>
  </reporter-output>
  <suite started-at="2022-11-16T09:36:30 IST" name="Default suite" finished-at="2022-11-16T09:36:30 IST" duration-ms="52">
    <groups>
    </groups>
    <test started-at="2022-11-16T09:36:30 IST" name="Default test" finished-at="2022-11-16T09:36:30 IST" duration-ms="52">
      <class name="mavenpackage.RegTEST">
        <test-method signature="rergister()[pri:0, instance:mavenpackage.RegTEST@7722c3c3]" started-at="2022-11-16T09:36:30 IST" name="rergister" finished-at="2022-11-16T09:36:30 IST" duration-ms="8" status="PASS">
          <reporter-output>
          </reporter-output>
        </test-method> <!-- rergister -->
      </class> <!-- mavenpackage.RegTEST -->
      <class name="mavenpackage.Logout">
        <test-method signature="logout()[pri:0, instance:mavenpackage.Logout@192d43ce]" started-at="2022-11-16T09:36:30 IST" name="logout" finished-at="2022-11-16T09:36:30 IST" duration-ms="1" status="PASS">
          <reporter-output>
          </reporter-output>
        </test-method> <!-- logout -->
      </class> <!-- mavenpackage.Logout -->
      <class name="mavenpackage.LoginTest">
        <test-method signature="login()[pri:0, instance:mavenpackage.LoginTest@72057ecf]" started-at="2022-11-16T09:36:30 IST" name="login" finished-at="2022-11-16T09:36:30 IST" duration-ms="2" status="PASS">
          <reporter-output>
          </reporter-output>
        </test-method> <!-- login -->
      </class> <!-- mavenpackage.LoginTest -->
    </test> <!-- Default test -->
  </suite> <!-- Default suite -->
</testng-results>
